
==============================================
START : FUNC_BUILD_KERNEL
==============================================

build common config=exynos7420-noblelte_nemesis_defconfig 
build variant config=noblelte 
rm files in : /home/geiti94/android/kernel/NEMESIS_KERNEL_N5_NOUGAT/arch/arm64/boot/dts/*.dtb
rm: cannot remove '/home/geiti94/android/kernel/NEMESIS_KERNEL_N5_NOUGAT/arch/arm64/boot/dts/*.dtb': No such file or directory
rm: cannot remove '/home/geiti94/android/kernel/NEMESIS_KERNEL_N5_NOUGAT/arch/arm64/boot/dtb/*.dtb': No such file or directory
rm: cannot remove '/home/geiti94/android/kernel/NEMESIS_KERNEL_N5_NOUGAT/arch/arm64/boot/boot.img-dtb': No such file or directory
rm: cannot remove '/home/geiti94/android/kernel/NEMESIS_KERNEL_N5_NOUGAT/arch/arm64/boot/boot.img-zImage': No such file or directory
Kconfig:15:warning: environment variable ANDROID_MAJOR_VERSION undefined
arch/arm64/configs/exynos7420-noblelte_nemesis_defconfig:336:warning: override: reassigning to symbol RKP_KDP
arch/arm64/configs/exynos7420-noblelte_nemesis_defconfig:680:warning: override: reassigning to symbol MPTCP
#
# configuration written to .config
#
scripts/kconfig/conf --silentoldconfig Kconfig
Kconfig:15:warning: environment variable ANDROID_MAJOR_VERSION undefined
INFO: CC is /home/geiti94/android/toolchain/aarch64-sabermod-7.0/bin/aarch64-gcc
  CHK     include/generated/uapi/linux/version.h
  CC      scripts/mod/devicetable-offsets.s
  GEN     scripts/mod/devicetable-offsets.h
  HOSTCC  scripts/mod/file2alias.o
  HOSTLD  scripts/mod/modpost
  CHK     include/generated/utsrelease.h
make[1]: Nothing to be done for 'dtbs'.
  CALL    scripts/checksyscalls.sh
  CHK     include/generated/compile.h
  CC      security/selinux/netif.o
  CC      security/selinux/netnode.o
  CC      security/selinux/netport.o
  CC      security/selinux/exports.o
  CC      security/selinux/ss/ebitmap.o
  CC      lib/bcd.o
  CC      lib/div64.o
  CC      lib/sort.o
  CC      security/selinux/ss/hashtab.o
  CC      security/selinux/ss/symtab.o
  CC      security/selinux/ss/sidtab.o
  CC      security/selinux/ss/avtab.o
  CC      lib/parser.o
  CC      security/selinux/ss/policydb.o
  CC      lib/halfmd4.o
  CC      security/selinux/ss/services.o
  CC      lib/debug_locks.o
  CC      lib/random32.o
  CC      security/selinux/ss/conditional.o
  CC      lib/bust_spinlocks.o
  CC      lib/hexdump.o
  CC      security/selinux/ss/mls.o
  CC      security/selinux/ss/status.o
  CC      lib/kasprintf.o
  CC      lib/bitmap.o
  CC      lib/scatterlist.o
  CC      lib/gcd.o
  CC      lib/lcm.o
  CC      lib/list_sort.o
  CC      lib/uuid.o
  CC      lib/flex_array.o
  CC      lib/iovec.o
  LD      security/selinux/selinux.o
  CC      lib/bsearch.o
  CC      lib/find_last_bit.o
  CC      lib/llist.o
  CC      lib/find_next_bit.o
  CC      lib/memweight.o
  LD      security/selinux/built-in.o
  CC      lib/kfifo.o
  CC      lib/string_helpers.o
  CC      lib/kstrtox.o
  LD      security/built-in.o
  CC      lib/iomap.o
  CC      drivers/scsi/scsi_proc.o
  CC      drivers/scsi/scsi_trace.o
  CC      lib/pci_iomap.o
  CC      lib/iomap_copy.o
  CC      drivers/sensorhub/brcm/max86902.o
  CC      drivers/sensorhub/brcm/bbdpl/bbd_main.o
  CC      lib/devres.o
  CC      lib/hweight.o
  CC      drivers/sensorhub/brcm/bbdpl/bbd_packet.o
  LD      drivers/net/built-in.o
  CC      lib/bitrev.o
  CC      drivers/scsi/scsi_pm.o
  CC      drivers/scsi/sd.o
  CC      drivers/staging/android/binder.o
  LD      drivers/staging/media/built-in.o
  CC      lib/crc-ccitt.o
  LD      drivers/staging/iio/accel/built-in.o
  CC      drivers/staging/samsung/sec_batt.o
  CC      drivers/sensorhub/brcm/bbdpl/bbd_reliable.o
  LD      drivers/staging/iio/adc/built-in.o
  LD      drivers/staging/iio/addac/built-in.o
  LD      drivers/staging/iio/cdc/built-in.o
  LD      drivers/staging/iio/frequency/built-in.o
  LD      drivers/staging/iio/gyro/built-in.o
  LD      drivers/staging/iio/impedance-analyzer/built-in.o
  CC      drivers/scsi/ufs/ufshcd.o
  LD      drivers/staging/iio/light/built-in.o
  LD      drivers/staging/iio/magnetometer/built-in.o
  CC      lib/crc16.o
  LD      drivers/staging/iio/meter/built-in.o
  CC      drivers/staging/samsung/sec_log.o
  LD      drivers/staging/iio/resolver/built-in.o
  LD      drivers/staging/iio/trigger/built-in.o
  CC      drivers/sensorhub/brcm/bbdpl/bbd_sensor.o
  LD      drivers/staging/iio/built-in.o
  HOSTCC  lib/gen_crc32table
  LD      drivers/staging/silicom/built-in.o
  CC      drivers/staging/vnswap/vnswap.o
  CC      lib/libcrc32c.o
  CC      drivers/sensorhub/brcm/bbdpl/bbd_sysfs.o
  CC      drivers/staging/samsung/sec_sysfs.o
  CC      lib/genalloc.o
  CC      drivers/staging/samsung/sec_reboot.o
  CC      drivers/sensorhub/brcm/bbdpl/bbd_ssi_spi.o
  CC      drivers/staging/vnswap/vnswap_sysfs.o
  CC      drivers/staging/samsung/sec_debug.o
  CC      lib/lzo/lzo1x_compress.o
  CC      drivers/sensorhub/brcm/max_notchfilter/downsample.o
  CC      drivers/sensorhub/brcm/max_notchfilter/fixed_fir_filter.o
  LD      drivers/staging/vnswap/built-in.o
  CC      drivers/sensorhub/brcm/bbdpl/bbd_tty.o
  CC      drivers/sensorhub/brcm/bbdpl/bcm_gps_spi.o
  LD      drivers/scsi/scsi_mod.o
  CC      drivers/sensorhub/brcm/max_notchfilter/fixed_iir_filter.o
  LD      drivers/scsi/sd_mod.o
  CC      drivers/sensorhub/brcm/sx9310.o
  LD      drivers/sensorhub/brcm/max_notchfilter/built-in.o
  CC      drivers/sensorhub/brcm/ssp_bbd.o
  CC      lib/lzo/lzo1x_decompress_safe.o
  CC      drivers/staging/samsung/sec_getlog.o
  CC      drivers/sensorhub/brcm/bbdpl/bbd_patch.o
  CC      drivers/staging/samsung/sec_gaf.o
  LD      lib/lzo/lzo_compress.o
  LD      lib/lzo/lzo_decompress.o
  LD      lib/lzo/built-in.o
  CC      lib/reed_solomon/reed_solomon.o
  CC      drivers/sensorhub/brcm/factory/mcu_bcm4773.o
  CC      drivers/sensorhub/brcm/bbdpl/transport/bbd_bridge_c.o
  CC      drivers/staging/samsung/sec_misc.o
  CC      drivers/staging/samsung/sec_slow.o
  CC      drivers/sensorhub/brcm/bbdpl/utils/crc8bits_c.o
  CC      drivers/sensorhub/brcm/bbdpl/utils/ring_buffer_c.o
  CC      drivers/sensorhub/brcm/bbdpl/utils/stream_codec_c.o
  CC      drivers/scsi/ufs/ufs_quirks.o
  CC      drivers/staging/samsung/sec_argos.o
  CC      drivers/sensorhub/brcm/bbdpl/transport/bbd_engine.o
  CC      drivers/scsi/ufs/ufshcd-pltfrm.o
  LD      lib/reed_solomon/built-in.o
  CC      lib/zlib_deflate/deflate.o
  LD      drivers/sensorhub/brcm/bbdpl/utils/built-in.o
  CC      lib/zlib_deflate/deftree.o
  CC      drivers/staging/samsung/sec_bsp.o
  CC      drivers/scsi/ufs/ufs-exynos.o
  CC      drivers/sensorhub/brcm/bbdpl/transport/bbd_packet_layer_c.o
  CC      drivers/sensorhub/brcm/bbdpl/transport/transport_layer_c.o
  CC      lib/zlib_inflate/inffast.o
  LD      drivers/staging/samsung/built-in.o
  CC      lib/zlib_inflate/inflate.o
  CC      lib/zlib_inflate/infutil.o
  CC      lib/zlib_deflate/deflate_syms.o
  CC      drivers/staging/android/timed_output.o
  CC      lib/zlib_inflate/inftrees.o
  CC      lib/zlib_inflate/inflate_syms.o
  CC      drivers/staging/android/lowmemorykiller.o
  LD      lib/zlib_deflate/zlib_deflate.o
  LD      lib/zlib_deflate/built-in.o
  CC      lib/textsearch.o
  CC      lib/ts_kmp.o
  CC      lib/ts_bm.o
  CC      drivers/staging/android/alarm-dev.o
  LD      lib/zlib_inflate/zlib_inflate.o
  LD      lib/zlib_inflate/built-in.o
  CC      lib/ts_fsm.o
  LD      drivers/sensorhub/brcm/bbdpl/transport/built-in.o
  CC      drivers/tty/tty_io.o
  LD      drivers/sensorhub/brcm/bbdpl/built-in.o
  LD      drivers/sensorhub/brcm/built-in.o
  LD      drivers/scsi/ufs/built-in.o
  LD      drivers/scsi/built-in.o
  CC      drivers/tty/n_tty.o
  CC      drivers/staging/android/sync.o
  LD      drivers/sensorhub/built-in.o
  CC      lib/percpu_counter.o
  CC      drivers/usb/class/cdc-acm.o
  CC      lib/audit.o
  CC      drivers/staging/android/sw_sync.o
  CC      lib/iommu-helper.o
  CC      lib/swiotlb.o
  CC      lib/syscall.o
  CC      lib/nlattr.o
  CC      drivers/usb/class/usblp.o
  CC      lib/checksum.o
  CC      lib/cpu_rmap.o
  CC      lib/dynamic_queue_limits.o
  CC      lib/strncpy_from_user.o
  LD      drivers/staging/android/built-in.o
  LD      drivers/staging/built-in.o
  CC      drivers/tty/tty_ioctl.o
  CC      lib/strnlen_user.o
  CC      drivers/watchdog/watchdog_core.o
  CC      drivers/video/fb_notify.o
  CC      lib/argv_split.o
  CC      lib/bug.o
  LD      drivers/usb/class/built-in.o
  CC      drivers/usb/core/usb.o
  CC      lib/cmdline.o
  CC      lib/cpumask.o
  CC      drivers/tty/tty_ldisc.o
  CC      lib/ctype.o
  CC      drivers/watchdog/watchdog_dev.o
  CC      lib/dec_and_lock.o
  CC      drivers/video/fbmem.o
  CC      lib/decompress.o
  CC      drivers/watchdog/s3c2410_wdt.o
  CC      lib/decompress_inflate.o
  CC      lib/dump_stack.o
  CC      lib/earlycpio.o
  CC      drivers/tty/tty_buffer.o
  CC      lib/extable.o
  LD      drivers/watchdog/watchdog.o
  CC      lib/flex_proportions.o
  CC      drivers/tty/tty_port.o
  CC      drivers/usb/core/hub.o
  LD      drivers/watchdog/built-in.o
  CC      drivers/usb/core/hcd.o
  CC      drivers/tty/tty_mutex.o
  CC      lib/idr.o
  CC      lib/int_sqrt.o
  CC      lib/ioremap.o
  CC      drivers/tty/tty_ldsem.o
  CC      drivers/tty/pty.o
  CC      drivers/tty/tty_audit.o
  CC      drivers/video/fbmon.o
  CC      lib/irq_regs.o
  CC      lib/is_single_threaded.o
  CC      drivers/tty/sysrq.o
  CC      lib/klist.o
  CC      lib/kobject.o
  LD      drivers/tty/ipwireless/built-in.o
  CC      drivers/tty/serial/serial_core.o
  CC      drivers/tty/serial/samsung.o
  CC      drivers/usb/core/urb.o
  CC      lib/kobject_uevent.o
  CC      drivers/tty/vt/vt_ioctl.o
  CC      lib/md5.o
  CC      lib/plist.o
  CC      drivers/video/fbcmap.o
  CC      lib/prio_heap.o
  CC      drivers/usb/core/message.o
  CC      lib/proportions.o
  CC      lib/radix-tree.o
  CC      lib/ratelimit.o
  CC      lib/rbtree.o
  CC      drivers/video/fbsysfs.o
  CC      lib/reciprocal_div.o
  LD      drivers/tty/serial/built-in.o
  CC      drivers/tty/vt/vc_screen.o
  CC      drivers/usb/core/driver.o
  CC      lib/rwsem.o
  CC      drivers/tty/vt/selection.o
  CC      lib/sha1.o
  CC      lib/show_mem.o
  CC      lib/string.o
  CC      drivers/video/modedb.o
  CC      drivers/tty/vt/keyboard.o
  CC      drivers/video/fbcvt.o
  CC      drivers/usb/core/config.o
  CC      lib/timerqueue.o
  CC      drivers/tty/vt/consolemap.o
  CC      lib/vsprintf.o
  GEN     lib/crc32table.h
  CC      lib/crc32.o
  CC      drivers/usb/core/file.o
  CC      drivers/video/backlight/lcd.o
  CONMK   drivers/tty/vt/consolemap_deftbl.c
  CC      drivers/video/console/dummycon.o
  CC      drivers/tty/vt/vt.o
  LD      lib/built-in.o
  CC      drivers/usb/core/buffer.o
  CC      drivers/video/backlight/backlight.o
  LD      drivers/video/console/built-in.o
  CC      drivers/video/backlight/generic_bl.o
  CC      drivers/video/exynos/exynos_mipi_dsi.o
  CC      drivers/usb/core/sysfs.o
  CC      drivers/usb/core/endpoint.o
  LD      drivers/video/omap2/displays/built-in.o
  LD      drivers/video/omap2/built-in.o
  CC      drivers/video/cfbfillrect.o
  LD      drivers/video/backlight/built-in.o
  CC      drivers/video/cfbcopyarea.o
  SHIPPED drivers/tty/vt/defkeymap.c
  CC      drivers/tty/vt/consolemap_deftbl.o
  AR      lib/lib.a
  CC      drivers/tty/vt/defkeymap.o
  CC      drivers/video/cfbimgblt.o
  CC      drivers/video/exynos/exynos_mipi_dsi_common.o
  CC      drivers/video/exynos/exynos_mipi_dsi_lowlevel.o
  CC      drivers/usb/core/devio.o
  CC      drivers/usb/core/notify.o
  CC      drivers/video/simplefb.o
  LD      drivers/video/fb.o
  CC      drivers/usb/core/generic.o
  CC      drivers/usb/dwc3/core.o
  CC      drivers/usb/dwc3/otg.o
  CC      drivers/video/exynos/decon/panels/dsim_panel.o
  CC      drivers/usb/core/quirks.o
  LD      drivers/video/exynos/panels/built-in.o
  CC      drivers/usb/core/devices.o
  CC      drivers/usb/core/port.o
  CC      drivers/usb/core/hcd-pci.o
  CC      drivers/video/exynos/decon/panels/dimming_core.o
  CC      drivers/usb/dwc3/host.o
  CC      drivers/usb/dwc3/gadget.o
  CC      drivers/video/exynos/decon/panels/mdnie_lite.o
  CC      drivers/video/exynos/decon/panels/mdnie_tuning.o
  CC      drivers/usb/dwc3/ep0.o
  LD      drivers/tty/vt/built-in.o
  CC      drivers/video/exynos/decon/panels/lcd_sysfs.o
  LD      drivers/tty/built-in.o
  CC      drivers/usb/dwc3/debugfs.o
  CC      drivers/video/exynos/decon/panels/s6e3ha3_s6e3ha2_wqhd_lcd_ctrl.o
  CC      drivers/video/exynos/decon/panels/dsim_backlight_dynamic.o
  LD      drivers/usb/core/usbcore.o
  LD      drivers/usb/core/built-in.o
  CC      drivers/usb/gadget/udc-core.o
  CC      drivers/usb/host/pci-quirks.o
  CC      drivers/usb/dwc3/dwc3-exynos.o
  CC      drivers/usb/host/xhci.o
drivers/video/exynos/decon/panels/dsim_backlight_dynamic.c: In function 'dsim_panel_set_brightness':
drivers/video/exynos/decon/panels/dsim_backlight_dynamic.c:546:3: warning: this 'if' clause does not guard... [-Wmisleading-indentation]
drivers/video/exynos/decon/panels/dsim_backlight_dynamic.c:549:4: note: ...this statement, but the latter is misleadingly indented as if it is guarded by the 'if'
  CC      drivers/usb/host/xhci-mem.o
  CC      drivers/usb/gadget/android.o
  CC      drivers/usb/host/xhci-ring.o
  CC      drivers/video/exynos/decon/vpp/vpp_drv.o
  CC      drivers/usb/dwc3/dwc3-pci.o
  LD      drivers/usb/dwc3/dwc3.o
  CC      drivers/video/exynos/decon/decon_core.o
In file included from drivers/usb/gadget/android.c:43:0:
drivers/usb/gadget/f_mtp_samsung.c: In function 'mtp_bind_config':
drivers/usb/gadget/f_mtp_samsung.c:1771:3: warning: this 'if' clause does not guard... [-Wmisleading-indentation]
drivers/usb/gadget/f_mtp_samsung.c:1774:4: note: ...this statement, but the latter is misleadingly indented as if it is guarded by the 'if'
  LD      drivers/usb/dwc3/built-in.o
  LD      drivers/usb/misc/built-in.o
  CC      drivers/usb/notify/host_notify_class.o
  LD      drivers/video/exynos/decon/panels/built-in.o
In file included from drivers/usb/gadget/android.c:147:0:
drivers/usb/gadget/f_conn_gadget.c: In function 'conn_gadget_cleanup':
drivers/usb/gadget/f_conn_gadget.c:1213:5: warning: this 'if' clause does not guard... [-Wmisleading-indentation]
drivers/usb/gadget/f_conn_gadget.c:1216:2: note: ...this statement, but the latter is misleadingly indented as if it is guarded by the 'if'
  CC      drivers/usb/notify/external_notify.o
In file included from drivers/usb/gadget/android.c:150:0:
drivers/usb/gadget/u_ether.c: In function 'alloc_tx_buffer':
drivers/usb/gadget/u_ether.c:777:3: warning: this 'if' clause does not guard... [-Wmisleading-indentation]
drivers/usb/gadget/u_ether.c:780:4: note: ...this statement, but the latter is misleadingly indented as if it is guarded by the 'if'
drivers/usb/gadget/android.c: In function 'mass_storage_function_enable':
drivers/usb/gadget/android.c:1104:4: warning: this 'if' clause does not guard... [-Wmisleading-indentation]
drivers/usb/gadget/android.c:1107:5: note: ...this statement, but the latter is misleadingly indented as if it is guarded by the 'if'
  CC      drivers/usb/notify/usb_notify.o
  CC      drivers/usb/notify/usb_notify_sysfs.o
  CC      drivers/video/exynos/decon/vpp/vpp_regs.o
  CC      drivers/usb/host/xhci-hub.o
  CC      drivers/usb/notify/dock_notify.o
  CC      drivers/video/exynos/decon/vpp/vpp_coef.o
  CC      drivers/usb/host/xhci-dbg.o
  CC      drivers/usb/notify/usb_notifier.o
  LD      drivers/usb/notify/usb_notify_layer.o
  CC      drivers/usb/host/xhci-pci.o
  CC      drivers/usb/host/xhci-plat.o
  CC      drivers/usb/phy/phy.o
  LD      drivers/video/exynos/decon/vpp/vpp.o
  LD      drivers/video/exynos/decon/vpp/built-in.o
  CC      drivers/video/exynos/decon/decon-int_drv.o
  CC      drivers/usb/serial/usb-serial.o
  LD      drivers/usb/notify/built-in.o
  CC      drivers/usb/storage/scsiglue.o
  CC      drivers/usb/gadget/usbstring.o
  LD      drivers/usb/host/xhci-hcd.o
  LD      drivers/usb/host/built-in.o
  CC      drivers/usb/serial/generic.o
  CC      drivers/usb/phy/of.o
  CC      drivers/usb/gadget/config.o
  CC      drivers/usb/storage/protocol.o
  CC      drivers/usb/phy/phy-samsung-usb.o
  CC      drivers/video/exynos/decon/decon-ext_drv.o
  CC      drivers/usb/serial/bus.o
  CC      drivers/usb/gadget/epautoconf.o
  CC      drivers/usb/serial/pl2303.o
  CC      drivers/usb/storage/transport.o
  CC      drivers/usb/phy/phy-samsung-usb2-dummy.o
  CC      drivers/usb/gadget/composite.o
  LD      drivers/usb/serial/usbserial.o
  CC      drivers/usb/gadget/functions.o
  CC      drivers/video/exynos/decon/decon_helper.o
  CC      drivers/usb/phy/phy-samsung-usb3.o
  LD      drivers/usb/serial/built-in.o
  CC      drivers/usb/usb-common.o
  CC      drivers/usb/gadget/configfs.o
  CC      drivers/usb/storage/usb.o
  CC      drivers/usb/storage/initializers.o
  CC      drivers/video/exynos/decon/dsim_drv.o
  CC      drivers/usb/phy/phy-samsung-usb3-cal.o
  LD      drivers/usb/phy/built-in.o
  CC      drivers/usb/gadget/f_acm.o
  CC      drivers/video/exynos/decon/dsim_reg_7420.o
  CC      drivers/usb/storage/sierra_ms.o
  CC      drivers/video/exynos/decon/decon_reg_7420.o
  CC      drivers/usb/gadget/u_serial.o
  CC      drivers/usb/storage/option_ms.o
  CC      drivers/usb/storage/usual-tables.o
  CC      drivers/usb/gadget/multi_config.o
  LD      drivers/usb/storage/usb-storage.o
  LD      drivers/usb/storage/built-in.o
  LD      drivers/video/exynos/decon/dsim.o
  LD      drivers/video/exynos/decon/decon.o
  LD      drivers/video/exynos/decon/built-in.o
  LD      drivers/video/exynos/built-in.o
  LD      drivers/video/built-in.o
  LD      drivers/usb/gadget/libcomposite.o
  LD      drivers/usb/gadget/usb_f_acm.o
  LD      drivers/usb/gadget/g_android.o
  LD      drivers/usb/gadget/built-in.o
  LD      drivers/usb/built-in.o
  LD      drivers/built-in.o
  LINK    vmlinux
  LD      vmlinux.o
  MODPOST vmlinux.o
  GEN     .version
  CHK     include/generated/compile.h
  UPD     include/generated/compile.h
  CC      init/version.o
  LD      init/built-in.o
  KSYM    .tmp_kallsyms1.o
  KSYM    .tmp_kallsyms2.o
  LD      vmlinux
  SORTEX  vmlinux
  SYSMAP  System.map
  FIPS : Generating hmac of fmp and updating vmlinux... 
HMAC-SHA256(builtime_bytes.bin)= bdc776b3400a756018143cf5749c0d31db4f418b19cfb9bd74da06f4cf56573f
  FIPS : Generating hmac of crypto and updating vmlinux... 
HMAC-SHA256(builtime_bytes.bin)= 0b5fe1e798d340fc8ab050c161910fc66dfae6d4cca19f6a9430e23fc92ed0c6
  OBJCOPY arch/arm64/boot/Image
  GZIP    arch/arm64/boot/Image.gz
Processing dts files...
=> Processing: exynos7420-noblelte_usa_07.dts
=> Generating: exynos7420-noblelte_usa_07.dtb
Warning (device_type_is_string): "device_type" property in /rgb is not a string
Generating dtb.img...
=> Found compatible entry: samsung,NOBLE LTE USA,rev04
    (chip: 7420, hw_rev: 7, hw_rev_end: 7)
Done.

=================================
END   : FUNC_BUILD_KERNEL
=================================

[3J[H[2J 
Android Image Kitchen - RepackImg Script
by osm0sis @ xda-developers
 
Warning: Overwriting existing files!
 
Packing ramdisk...
 
Using compression: gzip
 
Getting build information...
kernel = boot.img-zImage
cmdline = 
board = SYSMAGIC000KU
base = 10000000
pagesize = 2048
kernel_offset = 00008000
ramdisk_offset = 01000000
tags_offset = 00000100
dtb = boot.img-dtb
 
Building image...
 
Done!
Total compile time is 131 seconds
